<component name="libraryTable">
  <library name="jUnit4">
    <CLASSES>
      <root url="file://$PROJECT_DIR$/../jUnit4" />
    </CLASSES>
    <JAVADOC />
    <SOURCES />
    <jarDirectory url="file://$PROJECT_DIR$/../jUnit4" recursive="false" />
  </library>
</component>